<?xml version="1.0" encoding="UTF-8"?>
<testng-results skipped="0" failed="0" total="1" passed="1">
  <reporter-output>
  </reporter-output>
  <suite name="Suite" duration-ms="8874" started-at="2017-09-13T08:44:49Z" finished-at="2017-09-13T08:44:58Z">
    <groups>
    </groups>
    <test name="Test" duration-ms="8874" started-at="2017-09-13T08:44:49Z" finished-at="2017-09-13T08:44:58Z">
      <class name="org.Trade_Automation.driver.Driver_s">
        <test-method status="PASS" signature="run()[pri:0, instance:org.Trade_Automation.driver.Driver_s@47845cb3]" name="run" duration-ms="8863" started-at="2017-09-13T14:14:49Z" finished-at="2017-09-13T14:14:58Z">
          <reporter-output>
          </reporter-output>
        </test-method> <!-- run -->
      </class> <!-- org.Trade_Automation.driver.Driver_s -->
    </test> <!-- Test -->
  </suite> <!-- Suite -->
</testng-results>
